C51 COMPILER V9.60.7.0   HC05                                                              10/21/2024 02:06:16 PAGE 1   


C51 COMPILER V9.60.7.0, COMPILATION OF MODULE HC05
OBJECT MODULE PLACED IN .\Objects\HC05.obj
COMPILER INVOKED BY: D:\Keil_v5\C51\BIN\C51.EXE ..\Hardware\HC05.C OPTIMIZE(8,SPEED) BROWSE INCDIR(..\Hardware) DEBUG OB
                    -JECTEXTEND PRINT(.\Listings\HC05.lst) TABS(2) OBJECT(.\Objects\HC05.obj)

line level    source

   1          #include <STC12C5A60S2.H>
   2          #include "HC05.H"
   3          
   4          
   5          void Uart2_Init(void) //115200bps@11.0592MHz
   6          {
   7   1        AUXR &= 0xF7;   //波特率不倍速
   8   1        S2CON = 0x50;   //8位数据,可变波特率
   9   1        AUXR |= 0x04;   //定时器时钟1T模式
  10   1        BRT = 0xFD;     //设置定时重载值
  11   1        AUXR |= 0x10;   //启动独立波特率发射器
  12   1      }
  13          //向串口发送一个字符
  14          void uart2_SendByte(unsigned char dat)
  15          {
  16   1          S2BUF = dat;
  17   1          
  18   1          while(!(S2CON & S2TI)); // S2CON & S2TI == 0 时，会一直等在这
  19   1          S2CON &= ~S2TI;         // 手动清 0
  20   1      }
  21          
  22          //向串口发送一段字符串
  23          void uart2_SendString(unsigned char *dat)
  24          {
  25   1        unsigned char i= 0;
  26   1        
  27   1        for(i = 0;dat[i]!='\0';i++){uart2_SendByte(dat[i]);}
  28   1        if(dat[i]=='\0')uart2_SendByte('\0');
  29   1      }


MODULE INFORMATION:   STATIC OVERLAYABLE
   CODE SIZE        =     81    ----
   CONSTANT SIZE    =   ----    ----
   XDATA SIZE       =   ----    ----
   PDATA SIZE       =   ----    ----
   DATA SIZE        =   ----       3
   IDATA SIZE       =   ----    ----
   BIT SIZE         =   ----    ----
END OF MODULE INFORMATION.


C51 COMPILATION COMPLETE.  0 WARNING(S),  0 ERROR(S)
