C51 COMPILER V9.60.7.0   IIC                                                               11/29/2024 17:30:57 PAGE 1   


C51 COMPILER V9.60.7.0, COMPILATION OF MODULE IIC
OBJECT MODULE PLACED IN .\Objects\IIC.obj
COMPILER INVOKED BY: D:\Keil_v5\C51\BIN\C51.EXE ..\Hardware\IIC.c OPTIMIZE(8,SPEED) BROWSE INCDIR(..\Hardware) DEBUG OBJ
                    -ECTEXTEND PRINT(.\Listings\IIC.lst) TABS(2) OBJECT(.\Objects\IIC.obj)

line level    source

   1          #include "iic.h"
   2          #include <STC12C5A60S2.H>
   3          #include <intrins.h>
   4          #include "main.h"
   5           
   6          
   7          
   8          
   9          //开始信号
  10          void IIC_Start(void)
  11          {
  12   1          SDA = 1;
  13   1          SCL = 1;//当SCL为高电平的时候，SDA线上由高到低的跳变被定义为起始条件
  14   1          SDA = 0;
  15   1          SCL = 0;  
  16   1      }
  17           
  18          //停止信号
  19          void IIC_Stop(void)
  20          {
  21   1          SDA = 0;
  22   1          SCL = 1;//SCL为高电平的时候，SDA线上由低到高的跳变被定义为停止条件；
  23   1          SDA = 1;
  24   1      }
  25           
  26          //等待应答信号（作用很大）
  27          bit IIC_Wait_Ack(void)
  28          {
  29   1          bit ackbit;
  30   1        
  31   1          SCL  = 1;
  32   1          ackbit = SDA;
  33   1          SCL = 0;
  34   1          return ackbit;
  35   1      }
  36           
  37          //通过I2C总线发送数据
  38          void Write_IIC_Byte(unsigned char byt)
  39          {
  40   1          unsigned char i;
  41   1       
  42   1          for(i=0; i<8; i++)
  43   1          {
  44   2              SCL  = 0;
  45   2              if(byt & 0x80) SDA  = 1;
  46   2              else SDA  = 0;
  47   2              SCL = 1;
  48   2              byt <<= 1;
  49   2          }
  50   1          SCL  = 0;  
  51   1      }
  52           
  53          //从I2C总线上接收数据
  54          unsigned char IIC_RecByte(void)
C51 COMPILER V9.60.7.0   IIC                                                               11/29/2024 17:30:57 PAGE 2   

  55          {
  56   1        unsigned char i, da;
  57   1        for(i=0; i<8; i++)
  58   1        {   
  59   2          SCL = 1;
  60   2          da <<= 1;
  61   2          if(SDA) da |= 1;
  62   2          SCL = 0;
  63   2        }
  64   1        return da;    
  65   1      }


MODULE INFORMATION:   STATIC OVERLAYABLE
   CODE SIZE        =     75    ----
   CONSTANT SIZE    =   ----    ----
   XDATA SIZE       =   ----    ----
   PDATA SIZE       =   ----    ----
   DATA SIZE        =   ----    ----
   IDATA SIZE       =   ----    ----
   BIT SIZE         =   ----       1
END OF MODULE INFORMATION.


C51 COMPILATION COMPLETE.  0 WARNING(S),  0 ERROR(S)
