C51 COMPILER V9.60.7.0   PCA                                                               11/29/2024 17:30:57 PAGE 1   


C51 COMPILER V9.60.7.0, COMPILATION OF MODULE PCA
OBJECT MODULE PLACED IN .\Objects\PCA.obj
COMPILER INVOKED BY: D:\Keil_v5\C51\BIN\C51.EXE ..\Hardware\PCA.c OPTIMIZE(8,SPEED) BROWSE INCDIR(..\Hardware) DEBUG OBJ
                    -ECTEXTEND PRINT(.\Listings\PCA.lst) TABS(2) OBJECT(.\Objects\PCA.obj)

line level    source

   1          #include <STC12C5A60S2.H>
   2          #include "PCA.H"
   3          #include "main.h"
   4          
   5          void PCA0_Init(void)
   6          {
   7   1        CCON=0;      //cf cr ccf1 ccf0为0
   8   1        CL=0;   //pca计数值初始为0
   9   1        CH=0;
  10   1        CMOD=0X00;   //CIDL=0、SYSclk/12、ECF = 0
  11   1        PCA0_cnt=t100hz;  //0.01s
  12   1        CCAP0L=PCA0_cnt;  //给比较寄存器赋值
  13   1        CCAP0H=PCA0_cnt>>8;
  14   1        PCA0_cnt+=t100hz;  //value加一倍
  15   1        CCAPM0=0x49;    //ecmo0 mat0 eccf0为1；ECOM0＝ 1时，允许比较器功能；匹配将置位CCON寄存；使能CCF0中
  16   1        CR=1;  //起动 PCA计数器阵列计数，CCON寄存器的一位
  17   1        
  18   1      }
  19          
  20          //模板
  21          //void pcs_ds() interrupt 7
  22          //{
  23          //  CCF0=0;   //中断标志位清0
  24          //  CCAP0L=value;   //比较寄存器程序赋值(比上次加1倍)
  25          //  CCAP0H=value>>8;
  26          //}


MODULE INFORMATION:   STATIC OVERLAYABLE
   CODE SIZE        =     38    ----
   CONSTANT SIZE    =   ----    ----
   XDATA SIZE       =   ----    ----
   PDATA SIZE       =   ----    ----
   DATA SIZE        =   ----    ----
   IDATA SIZE       =   ----    ----
   BIT SIZE         =   ----    ----
END OF MODULE INFORMATION.


C51 COMPILATION COMPLETE.  0 WARNING(S),  0 ERROR(S)
