C51 COMPILER V9.60.7.0   TIMER0                                                            11/29/2024 17:30:57 PAGE 1   


C51 COMPILER V9.60.7.0, COMPILATION OF MODULE TIMER0
OBJECT MODULE PLACED IN .\Objects\Timer0.obj
COMPILER INVOKED BY: D:\Keil_v5\C51\BIN\C51.EXE ..\Hardware\Timer0.c OPTIMIZE(8,SPEED) BROWSE INCDIR(..\Hardware) DEBUG 
                    -OBJECTEXTEND PRINT(.\Listings\Timer0.lst) TABS(2) OBJECT(.\Objects\Timer0.obj)

line level    source

   1          #include <STC12C5A60S2.H>
   2          #include <Timer0.h>
   3          
   4          void Timer0_Init(void)
   5          {
   6   1        //AUXR |= 0x80;   //定时器时钟1T模式
   7   1        AUXR &= 0x7F;     //定时器时钟12T模式
   8   1        TMOD &= 0xF0;   //设置定时器模式
   9   1        TMOD |= 0x01;   //设置定时器模式
  10   1      //  TL0 = 0xCD;   //设置定时初值
  11   1      //  TH0 = 0xD4;   //设置定时初值
  12   1        TL0 = 0x00;       //设置定时初始值
  13   1        TH0 = 0xDC;       //设置定时初始值
  14   1        TF0 = 0;    //清除TF0标志
  15   1        TR0 = 1;    //定时器0开始计时
  16   1        ET0 = 1;
  17   1        EA = 1;
  18   1        PT0 = 0;
  19   1      }
  20          
  21          
  22          /*定时器中断函数模板
  23          void Timer0_Routine() interrupt 1
  24          {
  25            static unsigned int T0Count;
  26            TL0 = 0x18;   //设置定时初值
  27            TH0 = 0xFC;   //设置定时初值
  28            T0Count++;
  29            if(T0Count>=1000)
  30            {
  31              T0Count=0;
  32          
  33            }
  34          }
  35          */


MODULE INFORMATION:   STATIC OVERLAYABLE
   CODE SIZE        =     26    ----
   CONSTANT SIZE    =   ----    ----
   XDATA SIZE       =   ----    ----
   PDATA SIZE       =   ----    ----
   DATA SIZE        =   ----    ----
   IDATA SIZE       =   ----    ----
   BIT SIZE         =   ----    ----
END OF MODULE INFORMATION.


C51 COMPILATION COMPLETE.  0 WARNING(S),  0 ERROR(S)
